
Currently Loaded Modules:
  1) intel/17.0.1                   5) cuda/9.0.176
  2) zlib/intel/1.2.8               6) cudnn/9.0v7.0.5
  3) python/intel/2.7.12            7) tensorflow/python2.7/1.5.0
  4) numpy/python2.7/intel/1.14.0

 

Loaded libraries
Extracting MNIST_data/train-images-idx3-ubyte.gz
Extracting MNIST_data/train-labels-idx1-ubyte.gz
Extracting MNIST_data/t10k-images-idx3-ubyte.gz
Extracting MNIST_data/t10k-labels-idx1-ubyte.gz
Data initialized
Initialized
Minibatch loss at step 0: 10.2930793762
Minibatch accuracy: 14.8%
Validation accuracy: 14.8%
Minibatch loss at step 500: 1.12620079517
Minibatch accuracy: 70.3%
Validation accuracy: 67.4%
Minibatch loss at step 1000: 1.50132369995
Minibatch accuracy: 74.2%
Validation accuracy: 76.3%
Minibatch loss at step 1500: 0.922677755356
Minibatch accuracy: 82.0%
Validation accuracy: 79.8%
Minibatch loss at step 2000: 1.16186070442
Minibatch accuracy: 70.3%
Validation accuracy: 82.0%
Minibatch loss at step 2500: 0.72978758812
Minibatch accuracy: 85.2%
Validation accuracy: 83.5%
Minibatch loss at step 3000: 0.355138033628
Minibatch accuracy: 89.1%
Validation accuracy: 84.4%
Minibatch loss at step 3500: 0.488100588322
Minibatch accuracy: 83.6%
Validation accuracy: 85.2%
Minibatch loss at step 4000: 0.422290444374
Minibatch accuracy: 88.3%
Validation accuracy: 85.7%
Minibatch loss at step 4500: 0.904771208763
Minibatch accuracy: 76.6%
Validation accuracy: 86.3%
Minibatch loss at step 5000: 0.607970237732
Minibatch accuracy: 84.4%
Validation accuracy: 86.7%

Test accuracy: 86.3%
